C51 COMPILER V9.60.0.0   UART                                                              10/07/2021 09:06:31 PAGE 1   


C51 COMPILER V9.60.0.0, COMPILATION OF MODULE UART
OBJECT MODULE PLACED IN .\Objects\UART.obj
COMPILER INVOKED BY: D:\develop\Keil_v5\C51\BIN\C51.EXE UART.c OPTIMIZE(8,SPEED) BROWSE DEBUG OBJECTEXTEND PRINT(.\Listi
                    -ngs\UART.lst) OBJECT(.\Objects\UART.obj)

line level    source

   1          #include <REGX51.H>
   2          
   3          /**
   4            * @brief  串口初始化，4800bps@12.000MHz
   5            * @param  无
   6            * @retval 无
   7            */
   8          void UART_Init(void)            //9600bps@11.0592MHz
   9          {
  10   1              PCON |= 0x80;           //使能波特率倍速位SMOD
  11   1              SCON = 0x50;            //8位数据,可变波特率
  12   1              
  13   1              TMOD &= 0x0F;           //清除定时器1模式位
  14   1              TMOD |= 0x20;           //设定定时器1为8位自动重装方式
  15   1              TL1 = 0xFA;             //设定定时初值
  16   1              TH1 = 0xFA;             //设定定时器重装值
  17   1              ET1 = 0;                //禁止定时器1中断
  18   1              TR1 = 1;                //启动定时器1
  19   1              
  20   1              EA=1;
  21   1              ES=1;
  22   1      }
  23          
  24          
  25          
  26          /**
  27            * @brief  串口发送一个字节数据
  28            * @param  Byte 要发送的一个字节数据
  29            * @retval 无
  30            */
  31          void UART_SendByte(unsigned char Byte)
  32          {
  33   1              SBUF=Byte;
  34   1              while(TI==0);
  35   1              TI=0;
  36   1      }
  37          
  38          /**
  39            * @brief  串口发送一个字符串数据
  40            * @param  str 要发送的字符串指针
  41            * @retval 无
  42            */
  43          void UART_SendString(unsigned char *str)
  44          {
  45   1              char *tmp = str;
  46   1              while(*tmp!='\0')
  47   1          {
  48   2              UART_SendByte(*tmp);
  49   2              tmp++;
  50   2          }
  51   1      }
  52          
  53          /*串口中断函数模板
  54          void UART_Routine() interrupt 4
C51 COMPILER V9.60.0.0   UART                                                              10/07/2021 09:06:31 PAGE 2   

  55          {
  56                  if(RI==1)
  57                  {
  58                          
  59                          RI=0;
  60                  }
  61          }
  62          */


MODULE INFORMATION:   STATIC OVERLAYABLE
   CODE SIZE        =     54    ----
   CONSTANT SIZE    =   ----    ----
   XDATA SIZE       =   ----    ----
   PDATA SIZE       =   ----    ----
   DATA SIZE        =   ----    ----
   IDATA SIZE       =   ----    ----
   BIT SIZE         =   ----    ----
END OF MODULE INFORMATION.


C51 COMPILATION COMPLETE.  0 WARNING(S),  0 ERROR(S)
